This file contains any messages produced by compilers while
running configure, to aid debugging if configure makes a mistake.

It was created by fuse configure 2.9.9, which was
generated by GNU Autoconf 2.69.  Invocation command line was

  $ ./configure --build=x86_64-linux-gnu --prefix=/usr --includedir=${prefix}/include --mandir=${prefix}/share/man --infodir=${prefix}/share/info --sysconfdir=/etc --localstatedir=/var --disable-silent-rules --libdir=${prefix}/lib/x86_64-linux-gnu --libexecdir=${prefix}/lib/x86_64-linux-gnu --runstatedir=/run --disable-maintainer-mode --disable-dependency-tracking --bindir=/bin --libdir=/usr/lib/x86_64-linux-gnu

## --------- ##
## Platform. ##
## --------- ##

hostname = server
uname -m = x86_64
uname -r = 4.18.0-2-amd64
uname -s = Linux
uname -v = #1 SMP Debian 4.18.10-2 (2018-11-02)

/usr/bin/uname -p = unknown
/bin/uname -X     = unknown

/bin/arch              = unknown
/usr/bin/arch -k       = unknown
/usr/convex/getsysinfo = unknown
/usr/bin/hostinfo      = unknown
/bin/machine           = unknown
/usr/bin/oslevel       = unknown
/bin/universe          = unknown

PATH: /usr/local/bin
PATH: /opt/intel/compilers_and_libraries/linux/pkg_bin/intel64
PATH: /usr/sbin
PATH: /usr/bin
PATH: /sbin
PATH: /bin
PATH: /usr/bin/X11


## ----------- ##
## Core tests. ##
## ----------- ##

configure:2129: loading site script /usr/share/config.site
| # BASH
| #: ${CONFIG_SITE:?CONFIG_SITE not set}
| 
| [[ :$LD_LIBRARY_PATH: != *":/opt/intel/tbb/lib/intel64/gcc4.7:"* ]] && LD_LIBRARY_PATH=/opt/intel/tbb/lib/intel64/gcc4.7:$LD_LIBRARY_PATH
| [[ :$LD_LIBRARY_PATH: != *":/opt/intel/compilers_and_libraries/linux/mpi/intel64/lib:"* ]] && LD_LIBRARY_PATH=/opt/intel/compilers_and_libraries/linux/mpi/intel64/lib:$LD_LIBRARY_PATH
| [[ :$LD_LIBRARY_PATH: != *":/opt/intel/compilers_and_libraries/linux/mpi/intel64/lib/release:"* ]] && LD_LIBRARY_PATH=/opt/intel/compilers_and_libraries/linux/mpi/intel64/lib/release:$LD_LIBRARY_PATH
| [[ :$LD_LIBRARY_PATH: != *":/opt/intel/compilers_and_libraries/linux/mpi/intel64/libfabric/lib:"* ]] && LD_LIBRARY_PATH=/opt/intel/compilers_and_libraries/linux/mpi/intel64/libfabric/lib:$LD_LIBRARY_PATH
| [[ :$LD_LIBRARY_PATH: != *":/opt/intel/lib/intel64:"* ]] && LD_LIBRARY_PATH=/opt/intel/lib/intel64:$LD_LIBRARY_PATH
| 
| FI_PROVIDER_PATH=/opt/intel/compilers_and_libraries/linux/mpi/intel64/libfabric/lib/prov
| 
| [[ :$CLASSPATH: != *":/opt/intel/compilers_and_libraries/linux/mpi/intel64/lib/mpi.jar:"* ]] && CLASSPATH=/opt/intel/compilers_and_libraries/linux/mpi/intel64/lib/mpi.jar:$CLASSPATH
| 
| [[ :$CPATH: != *":/opt/intel/tbb/include:"* ]] && CPATH=/opt/intel/tbb/include:$CPATH
| [[ :$CPATH: != *":/opt/intel/pstl/include:"* ]] && CPATH=/opt/intel/pstl/include:$CPATH
| 
| 
| NLSPATH=/opt/intel/lib/intel64/locale/en_US/%N
| 
| [[ :$LIBRARY_PATH: != *":/opt/intel/tbb/lib/intel64/gcc4.7:"* ]] && LIBRARY_PATH=/opt/intel/tbb/lib/intel64/gcc4.7:$LIBRARY_PATH
| [[ :$LIBRARY_PATH: != *":/opt/intel/compilers_and_libraries/linux/mpi/intel64/libfabric/lib:"* ]] && LIBRARY_PATH=/opt/intel/compilers_and_libraries/linux/mpi/intel64/libfabric/lib:$LIBRARY_PATH
| 
| PSTLROOT=/opt/intel/pstl
| [[ :$PATH: != *":/opt/intel/parallel_studio_xe_2019/bin:"* ]] && PATH=$PATH:/opt/intel/parallel_studio_xe_2019/bin
| [[ :$PATH: != *":/opt/intel/compilers_and_libraries/linux/mpi/intel64/bin:"* ]] && PATH=/opt/intel/compilers_and_libraries/linux/mpi/intel64/bin:$PATH
| [[ :$PATH: != *":/opt/intel/compilers_and_libraries/linux/mpi/intel64/libfabric/bin:"* ]] && PATH=/opt/intel/compilers_and_libraries/linux/mpi/intel64/libfabric/bin:$PATH
| [[ :$PATH: != *":/opt/intel/compilers_and_libraries/linux/pkg_bin/intel64:"* ]] && PATH=/opt/intel/compilers_and_libraries/linux/pkg_bin/intel64:$PATH
| 
| TBBROOT=/opt/intel/tbb
| I_MPI_ROOT=/opt/intel/compilers_and_libraries/linux/mpi
| INTEL_LICENSE_FILE=/opt/intel/licenses
| 
| CC=icc.pl
| CXX=icpc.pl
| LTCC=icc.pl
| LTCXX=icpc.pl
| LANGUAGE=C
| LC_ALL=C
| 
| CPP='icc.pl -E'
| CXXCPP='icpc.pl -E'
| 
| INSTALL=/usr/bin/install
| 
| MKDIR_P='/bin/mkdir -p'
| 
| AWK=/usr/bin/gawk
| 
| AS=/usr/bin/x86_64-linux-gnu-as
| AR=xiar.pl
| #RANLIB='xiar s'
| MAGIC_CMD=/usr/bin/file
| CONFIG_SHELL=/bin/bash
| ECHO='/usr/bin/printf %s\n'
| ECHO_T='	' # assuming shell is BASH! if zsh we define ECHO_C=\c
| EGREP='/bin/grep -E'
| FGREP='/bin/grep -F'
| GCC=yes
| GCC_CXX=yes
| GREP=/bin/grep
| #LD='xild -m elf_x86_64'
| LN_S='ln -s'
| NM='/usr/bin/x86_64-linux-gnu-nm -B'
| OBJDUMP=/usr/bin/x86_64-linux-gnu-objdump
| PERL=/usr/bin/perl
| PKG_CONFIG=/usr/bin/pkg-config
| SED=/bin/sed
| SHELL=/bin/bash
| STRIP=/usr/bin/x86_64-linux-gnu-strip
| Xsed='/bin/sed -e 1s/^X//'
| YACC='/usr/bin/bison -y'
| CC_FOR_BUILD=icc.pl
| CXX_FOR_BUILD=icpc.pl
| 
| CPP_FOR_BUILD='icc.pl -E'
| CXXCPP_FOR_BUILD='icpc.pl -E'
| 
| ax_cv_c_float_words_bigendian=no
| 
| 
| 
| # BASH=/bin/bash
| # CONFIG_STATUS=./config.status
| # DEFS=-DHAVE_CONFIG_H
| # DUALCASE=1
| ECHO_N=-n
| ECHO_T='	'
| EGREP='/bin/grep -E'
| EXEEXT=
| GCC=yes
| GREP=/bin/grep
| # HOSTNAME=server
| HOSTTYPE=x86_64
| 
| INSTALL='/usr/bin/install'
| INSTALL_DATA='${INSTALL} -m 644'
| INSTALL_PROGRAM='${INSTALL}'
| INSTALL_SCRIPT='${INSTALL}'
| # LIBOBJS=
| # LTLIBOBJS=
| MACHTYPE=x86_64-pc-linux-gnu
| MAKEFLAGS='-l 8'
| OBJEXT=o
| # OPTERR=1
| # OPTIND=1
| OSTYPE=linux-gnu
| # PACKAGE_BUGREPORT=
| # PACKAGE_NAME=
| # PACKAGE_STRING=
| # PACKAGE_TARNAME=
| # PACKAGE_URL=
| # PACKAGE_VERSION=
| PATH_SEPARATOR=:
| POSIXLY_CORRECT=y
| RANLIB=/usr/bin/x86_64-linux-gnu-ranlib
| 
| ac_build_alias=x86_64-pc-linux-gnu
| 
| ac_ct_AR=xiar.pl
| ac_ct_CC=icc.pl
| ac_ct_RANLIB=x86_64-linux-gnu-ranlib
| ac_cv_build=x86_64-pc-linux-gnu
| ac_cv_c_bigendian=no
| ac_cv_c_compiler_clang=no
| ac_cv_c_compiler_gnu=yes
| ac_cv_func_asprintf=yes
| ac_cv_func_gethostname=yes
| ac_cv_func_getopt_long=yes
| ac_cv_func_getpwuid=yes
| ac_cv_func_gettimeofday=yes
| ac_cv_func_mkstemp=yes
| ac_cv_func_realpath=yes
| ac_cv_func_setenv=yes
| ac_cv_func_snprintf=yes
| ac_cv_func_strndup=yes
| ac_cv_func_strtok_r=yes
| ac_cv_func_unsetenv=yes
| ac_cv_func_utimes=yes
| ac_cv_func_vasprintf=yes
| ac_cv_func_vsnprintf=yes
| ac_cv_header_ctype_h=yes
| ac_cv_header_dirent_dirent_h=yes
| ac_cv_header_inttypes_h=yes
| ac_cv_header_memory_h=yes
| ac_cv_header_pwd_h=yes
| ac_cv_header_stdarg_h=yes
| ac_cv_header_stdc=yes
| ac_cv_header_stdint_h=yes
| ac_cv_header_stdlib_h=yes
| ac_cv_header_string_h=yes
| ac_cv_header_strings_h=yes
| ac_cv_header_sys_mman_h=yes
| ac_cv_header_sys_stat_h=yes
| ac_cv_header_sys_time_h=yes
| ac_cv_header_sys_types_h=yes
| ac_cv_header_sys_wait_h=yes
| ac_cv_header_termios_h=yes
| ac_cv_header_time=yes
| ac_cv_header_unistd_h=yes
| ac_cv_header_varargs_h=no
| ac_cv_host=x86_64-pc-linux-gnu
| ac_cv_objext=o
| ac_cv_path_EGREP='/bin/grep -E'
| ac_cv_path_GREP=/bin/grep
| ac_cv_path_ac_pt_BASH=/bin/bash
| ac_cv_path_install=/usr/bin/install
| ac_cv_prog_CPP='icc.pl -E'
| ac_cv_prog_ac_ct_AR=xiar.pl
| ac_cv_prog_ac_ct_CC=icc.pl
| ac_cv_prog_ac_ct_RANLIB=ranlib
| ac_cv_prog_cc_c89='-std=gnu89' #ISO C90 plus GNU* extensions
| ac_cv_prog_cc_c99='-std=gnu99'
| # ac_cv_prog_cc_g=yes
| ac_cv_search_cos='none required'
| ac_cv_search_opendir='none required'
| ac_cv_type_long_long=yes
| ac_cv_type_unsigned_long_long_int=yes
| 
| ac_default_prefix=/usr
| 
| 
| build=x86_64-pc-linux-gnu
| build_cpu=x86_64
| build_os=linux-gnu
| build_vendor=pc
| cache_file=/dev/null
| cross_compiling=no
| 
| host=x86_64-pc-linux-gnu
| host_cpu=x86_64
| host_os=linux-gnu
| host_vendor=pc
| hw_cv_func_asprintf=yes
| hw_cv_func_snprintf=yes
| hw_cv_func_snprintf_c99=yes
| hw_cv_func_vasprintf=yes
| hw_cv_func_vsnprintf=yes
| hw_cv_func_vsnprintf_c99=yes
| 
| #program_prefix=NONE
| #program_suffix=NONE
| 
| # silent=
| # site=
| # srcdir=.
| # subdirs=
| # target=
| # test_suites='unittest/test_args.c thisismadeup/crap.c'
| 
| verbose=yes
| #version=unknown
| 
| test "$prefix" = NONE && prefix=/usr
| test "$exec_prefix" = NONE && exec_prefix=/usr
| 
| test "$bindir" = NONE && bindir='${exec_prefix}/bin'
| test "$sbindir" = NONE && sbindir='${exec_prefix}/sbin'
| test "$includedir" = NONE && includedir='${prefix}/include'
| test "$libdir" = NONE && libdir='${exec_prefix}/lib'
| test "$libexecdir" = NONE && libexecdir='${prefix}/lib/${PACKAGE}'
| 
| #oldincludedir for non-gcc headers
| 
| if test "$prefix" = /usr; then
| 	test "$sysconfdir" = '${prefix}/etc' && sysconfdir=/etc
| 	test "$sharedstatedir" = '${prefix}/com' && sharedstatedir=/var
| 	test "$localstatedir" = '${prefix}/var' && localstatedir=/var
| else
| 	test "$sysconfdir" = NONE && sysconfdir='${prefix}/etc'
| 	test "$sharedstatedir" = NONE && sharedstatedir='${prefix}/com'
| 	test "$localstatedir" = NONE && localstatedir='${prefix}/var'
| fi
| runstatedir='${localstatedir}/run'
| 
| datarootdir='${prefix}/share'
| infodir='${datarootdir}/info'
| #libexecdir='${exec_prefix}/libexec'
| localedir='${datarootdir}/locale'
| mandir='${datarootdir}/man'
| datadir='${datarootdir}'
| # define_xopen_source=yes
| docdir='${datarootdir}/doc/${PACKAGE}'
| pdfdir='${docdir}'
| psdir='${docdir}'
| dvidir='${docdir}'
| htmldir='${docdir}'
configure:2261: checking build system type
configure:2275: result: x86_64-pc-linux-gnu
configure:2295: checking host system type
configure:2308: result: x86_64-pc-linux-gnu
configure:2328: checking target system type
configure:2341: result: x86_64-pc-linux-gnu
configure:2383: checking for a BSD-compatible install
configure:2451: result: /usr/bin/install
configure:2462: checking whether build environment is sane
configure:2517: result: yes
configure:2668: checking for a thread-safe mkdir -p
configure:2707: result: /bin/mkdir -p
configure:2714: checking for gawk
configure:2741: result: /usr/bin/gawk
configure:2752: checking whether make sets $(MAKE)
configure:2774: result: yes
configure:2803: checking whether make supports nested variables
configure:2820: result: yes
configure:2957: checking whether make supports nested variables
configure:2974: result: yes
configure:3034: checking how to print strings
configure:3061: result: printf
configure:3086: checking whether make supports the include directive
configure:3101: make -f confmf.GNU && cat confinc.out
make[2]: Entering directory '/dev/shm/RPM4/rpm/deps/libarchive/libext2fs-dev/fuse/fuse-2.9.9'
make[2]: Leaving directory '/dev/shm/RPM4/rpm/deps/libarchive/libext2fs-dev/fuse/fuse-2.9.9'
this is the am__doit target
configure:3104: $? = 0
configure:3123: result: yes (GNU style)
configure:3193: checking for gcc
configure:3220: result: icc.pl
configure:3449: checking for C compiler version
configure:3458: icc.pl --version >&5
icc (ICC) 19.0.1.144 20181018
Copyright (C) 1985-2018 Intel Corporation.  All rights reserved.

configure:3469: $? = 0
configure:3458: icc.pl -v >&5
__INTEL_PRE_CFLAGS options:  
-diag-enableall
-diag-disable=10013,10385,10237,10346
-diag-error-limit=1
-diag-onceall

__INTEL_POST_CFLAGS options:  
-Wl,--relax,--gc-sections,-O,2
-pipe
-D__POPCNT__
... rest of stderr output deleted ...
configure:3469: $? = 1
configure:3458: icc.pl -V >&5
GNU ld (GNU Binutils for Debian) 2.31.1
Intel(R) C Intel(R) 64 Compiler for applications running on Intel(R) 64, Version 19.0.1.144 Build 20181018
Copyright (C) 1985-2018 Intel Corporation.  All rights reserved.

x86_64-linux-gnu-ld: /lib/x86_64-linux-gnu/libz.so.1: no version information available (required by /usr/lib/x86_64-linux-gnu/libbfd-2.31.1-system.so)
x86_64-linux-gnu-ld: /usr/lib/gcc/x86_64-linux-gnu/8/../../../x86_64-linux-gnu/Scrt1.o: in function `_start':
(.text+0x20): undefined reference to `main'
configure:3469: $? = 1
configure:3458: icc.pl -qversion >&5
x86_64-linux-gnu-ld: /lib/x86_64-linux-gnu/libz.so.1: no version information available (required by /usr/lib/x86_64-linux-gnu/libbfd-2.31.1-system.so)
x86_64-linux-gnu-ld: /usr/lib/gcc/x86_64-linux-gnu/8/../../../x86_64-linux-gnu/Scrt1.o: in function `_start':
(.text+0x20): undefined reference to `main'
configure:3469: $? = 1
configure:3489: checking whether the C compiler works
configure:3511: icc.pl -g -O2 -fdebug-prefix-map=/dev/shm/RPM4/rpm/deps/libarchive/libext2fs-dev/fuse/fuse-2.9.9=. -Wformat -march=native -pipe -Wformat-security -Wdate-time -D_FORTIFY_SOURCE=2 -Wl,-z,now conftest.c  >&5
ipo: remark #11001: performing single-file optimizations
ipo: remark #11006: generating object file /tmp/intel/ipo_iccAR4hJm.o
x86_64-linux-gnu-ld: /lib/x86_64-linux-gnu/libz.so.1: no version information available (required by /usr/lib/x86_64-linux-gnu/libbfd-2.31.1-system.so)
configure:3515: $? = 0
configure:3563: result: yes
configure:3566: checking for C compiler default output file name
configure:3568: result: a.out
configure:3574: checking for suffix of executables
configure:3581: icc.pl -o conftest -g -O2 -fdebug-prefix-map=/dev/shm/RPM4/rpm/deps/libarchive/libext2fs-dev/fuse/fuse-2.9.9=. -Wformat -march=native -pipe -Wformat-security -Wdate-time -D_FORTIFY_SOURCE=2 -Wl,-z,now conftest.c  >&5
ipo: remark #11001: performing single-file optimizations
ipo: remark #11006: generating object file /tmp/intel/ipo_iccblUb52.o
x86_64-linux-gnu-ld: /lib/x86_64-linux-gnu/libz.so.1: no version information available (required by /usr/lib/x86_64-linux-gnu/libbfd-2.31.1-system.so)
configure:3585: $? = 0
configure:3607: result: 
configure:3629: checking whether we are cross compiling
configure:3637: icc.pl -o conftest -g -O2 -fdebug-prefix-map=/dev/shm/RPM4/rpm/deps/libarchive/libext2fs-dev/fuse/fuse-2.9.9=. -Wformat -march=native -pipe -Wformat-security -Wdate-time -D_FORTIFY_SOURCE=2 -Wl,-z,now conftest.c  >&5
conftest.c(19): remark #111: statement is unreachable
    return 0;
    ^

ipo: remark #11001: performing single-file optimizations
ipo: remark #11006: generating object file /tmp/intel/ipo_iccKdvVOI.o
x86_64-linux-gnu-ld: /lib/x86_64-linux-gnu/libz.so.1: no version information available (required by /usr/lib/x86_64-linux-gnu/libbfd-2.31.1-system.so)
configure:3641: $? = 0
configure:3648: ./conftest
configure:3652: $? = 0
configure:3667: result: no
configure:3672: checking for suffix of object files
configure:3719: result: o
configure:3723: checking whether we are using the GNU C compiler
configure:3751: result: yes
configure:3760: checking whether icc.pl accepts -g
configure:3780: icc.pl -c -g -Wdate-time -D_FORTIFY_SOURCE=2 conftest.c >&5
configure:3780: $? = 0
configure:3821: result: yes
configure:3838: checking for icc.pl option to accept ISO C89
configure:3921: result: -std=gnu89
configure:3939: checking whether icc.pl -std=gnu89 understands -c and -o together
configure:3961: icc.pl -std=gnu89 -c conftest.c -o conftest2.o
configure:3964: $? = 0
configure:3961: icc.pl -std=gnu89 -c conftest.c -o conftest2.o
configure:3964: $? = 0
configure:3976: result: yes
configure:3995: checking dependency style of icc.pl -std=gnu89
configure:4106: result: none
configure:4121: checking for a sed that does not truncate output
configure:4185: result: /bin/sed
configure:4203: checking for grep that handles long lines and -e
configure:4261: result: /bin/grep
configure:4266: checking for egrep
configure:4328: result: /bin/grep -E
configure:4333: checking for fgrep
configure:4395: result: /bin/grep -F
configure:4430: checking for ld used by icc.pl -std=gnu89
configure:4497: result: /usr/bin/ld
configure:4504: checking if the linker (/usr/bin/ld) is GNU ld
configure:4519: result: yes
configure:4531: checking for BSD- or MS-compatible name lister (nm)
configure:4585: result: /usr/bin/x86_64-linux-gnu-nm -B
configure:4715: checking the name lister (/usr/bin/x86_64-linux-gnu-nm -B) interface
configure:4722: icc.pl -std=gnu89 -c -g -O2 -fdebug-prefix-map=/dev/shm/RPM4/rpm/deps/libarchive/libext2fs-dev/fuse/fuse-2.9.9=. -Wformat -march=native -pipe -Wformat-security -Wdate-time -D_FORTIFY_SOURCE=2 conftest.c >&5
configure:4725: /usr/bin/x86_64-linux-gnu-nm -B "conftest.o"
/usr/bin/x86_64-linux-gnu-nm: /lib/x86_64-linux-gnu/libz.so.1: no version information available (required by /usr/lib/x86_64-linux-gnu/libbfd-2.31.1-system.so)
configure:4728: output
0000000000000000 N .debug_info_seg
0000000000000000 B some_variable
configure:4735: result: BSD nm
configure:4738: checking whether ln -s works
configure:4742: result: yes
configure:4750: checking the maximum length of command line arguments
configure:4881: result: 1572864
configure:4929: checking how to convert x86_64-pc-linux-gnu file names to x86_64-pc-linux-gnu format
configure:4969: result: func_convert_file_noop
configure:4976: checking how to convert x86_64-pc-linux-gnu file names to toolchain format
configure:4996: result: func_convert_file_noop
configure:5003: checking for /usr/bin/ld option to reload object files
configure:5010: result: -r
configure:5084: checking for objdump
configure:5111: result: /usr/bin/x86_64-linux-gnu-objdump
configure:5143: checking how to recognize dependent libraries
configure:5343: result: pass_all
configure:5428: checking for dlltool
configure:5458: result: no
configure:5488: checking how to associate runtime and link libraries
configure:5515: result: printf %s\n
configure:5640: checking for archiver @FILE support
configure:5657: icc.pl -std=gnu89 -c -g -O2 -fdebug-prefix-map=/dev/shm/RPM4/rpm/deps/libarchive/libext2fs-dev/fuse/fuse-2.9.9=. -Wformat -march=native -pipe -Wformat-security -Wdate-time -D_FORTIFY_SOURCE=2 conftest.c >&5
configure:5657: $? = 0
configure:5660: xiar.pl cru libconftest.a @conftest.lst >&5
xiar: executing 'ar'
ar: /lib/x86_64-linux-gnu/libz.so.1: no version information available (required by /usr/lib/x86_64-linux-gnu/libbfd-2.31.1-system.so)
ar: `u' modifier ignored since `D' is the default (see `U')
configure:5663: $? = 0
configure:5668: xiar.pl cru libconftest.a @conftest.lst >&5
xiar: executing 'ar'
ar: /lib/x86_64-linux-gnu/libz.so.1: no version information available (required by /usr/lib/x86_64-linux-gnu/libbfd-2.31.1-system.so)
ar: `u' modifier ignored since `D' is the default (see `U')
ar: conftest.o: No such file or directory
configure:5671: $? = 1
configure:5683: result: @
configure:5741: checking for strip
configure:5768: result: /usr/bin/x86_64-linux-gnu-strip
configure:5840: checking for ranlib
configure:5867: result: ranlib
configure:5969: checking command to parse /usr/bin/x86_64-linux-gnu-nm -B output from icc.pl -std=gnu89 object
configure:6122: icc.pl -std=gnu89 -c -g -O2 -fdebug-prefix-map=/dev/shm/RPM4/rpm/deps/libarchive/libext2fs-dev/fuse/fuse-2.9.9=. -Wformat -march=native -pipe -Wformat-security -Wdate-time -D_FORTIFY_SOURCE=2 conftest.c >&5
conftest.c(5): remark #1419: external declaration in primary source file
  void nm_test_func(void);
       ^

configure:6125: $? = 0
configure:6129: /usr/bin/x86_64-linux-gnu-nm -B conftest.o | sed -n -e 's/^.*[	 ]\([ABCDGIRSTW][ABCDGIRSTW]*\)[	 ][	 ]*\([_A-Za-z][_A-Za-z0-9]*\)$/\1 \2 \2/p' | sed '/ __gnu_lto/d' > conftest.nm
/usr/bin/x86_64-linux-gnu-nm: /lib/x86_64-linux-gnu/libz.so.1: no version information available (required by /usr/lib/x86_64-linux-gnu/libbfd-2.31.1-system.so)
configure:6195: icc.pl -std=gnu89 -o conftest -g -O2 -fdebug-prefix-map=/dev/shm/RPM4/rpm/deps/libarchive/libext2fs-dev/fuse/fuse-2.9.9=. -Wformat -march=native -pipe -Wformat-security -Wdate-time -D_FORTIFY_SOURCE=2 -Wl,-z,now conftest.c conftstm.o >&5
conftest.c(18): remark #1419: external declaration in primary source file
  extern int nm_test_func();
             ^

ipo: remark #11000: performing multi-file optimizations
ipo: remark #11006: generating object file /tmp/intel/ipo_iccpJ9jmj.o
x86_64-linux-gnu-ld: /lib/x86_64-linux-gnu/libz.so.1: no version information available (required by /usr/lib/x86_64-linux-gnu/libbfd-2.31.1-system.so)
configure:6198: $? = 0
configure:6236: result: ok
configure:6283: checking for sysroot
configure:6313: result: no
configure:6320: checking for a working dd
configure:6358: result: /bin/dd
configure:6362: checking how to truncate binary pipes
configure:6377: result: /bin/dd bs=4096 count=1
configure:6513: icc.pl -std=gnu89 -c -g -O2 -fdebug-prefix-map=/dev/shm/RPM4/rpm/deps/libarchive/libext2fs-dev/fuse/fuse-2.9.9=. -Wformat -march=native -pipe -Wformat-security -Wdate-time -D_FORTIFY_SOURCE=2 conftest.c >&5
configure:6516: $? = 0
configure:6706: checking for mt
configure:6722: found /bin/mt
configure:6733: result: mt
configure:6756: checking if mt is a manifest tool
configure:6762: mt '-?'
configure:6770: result: no
configure:7447: checking how to run the C preprocessor
configure:7517: result: icc.pl -E
configure:7537: icc.pl -E -Wdate-time -D_FORTIFY_SOURCE=2 conftest.c
configure:7537: $? = 0
configure:7551: icc.pl -E -Wdate-time -D_FORTIFY_SOURCE=2 conftest.c
conftest.c(11): error #2379: cannot open source file "ac_nonexistent.h"
  #include <ac_nonexistent.h>
                             ^

configure:7551: $? = 4
configure: failed program was:
| /* confdefs.h */
| #define PACKAGE_NAME "fuse"
| #define PACKAGE_TARNAME "fuse"
| #define PACKAGE_VERSION "2.9.9"
| #define PACKAGE_STRING "fuse 2.9.9"
| #define PACKAGE_BUGREPORT ""
| #define PACKAGE_URL ""
| #define PACKAGE "fuse"
| #define VERSION "2.9.9"
| /* end confdefs.h.  */
| #include <ac_nonexistent.h>
configure:7580: checking for ANSI C header files
configure:7684: result: yes
configure:7697: checking for sys/types.h
configure:7697: result: yes
configure:7697: checking for sys/stat.h
configure:7697: result: yes
configure:7697: checking for stdlib.h
configure:7697: result: yes
configure:7697: checking for string.h
configure:7697: result: yes
configure:7697: checking for memory.h
configure:7697: result: yes
configure:7697: checking for strings.h
configure:7697: result: yes
configure:7697: checking for inttypes.h
configure:7697: result: yes
configure:7697: checking for stdint.h
configure:7697: result: yes
configure:7697: checking for unistd.h
configure:7697: result: yes
configure:7711: checking for dlfcn.h
configure:7711: icc.pl -std=gnu89 -c -g -O2 -fdebug-prefix-map=/dev/shm/RPM4/rpm/deps/libarchive/libext2fs-dev/fuse/fuse-2.9.9=. -Wformat -march=native -pipe -Wformat-security -Wdate-time -D_FORTIFY_SOURCE=2 conftest.c >&5
configure:7711: $? = 0
configure:7711: result: yes
configure:7967: checking for objdir
configure:7982: result: .libs
configure:8246: checking if icc.pl -std=gnu89 supports -fno-rtti -fno-exceptions
configure:8264: icc.pl -std=gnu89 -c -g -O2 -fdebug-prefix-map=/dev/shm/RPM4/rpm/deps/libarchive/libext2fs-dev/fuse/fuse-2.9.9=. -Wformat -march=native -pipe -Wformat-security -Wdate-time -D_FORTIFY_SOURCE=2 -fno-rtti -fno-exceptions conftest.c >&5
configure:8268: $? = 0
configure:8281: result: yes
configure:8639: checking for icc.pl -std=gnu89 option to produce PIC
configure:8646: result: -fPIC -DPIC
configure:8654: checking if icc.pl -std=gnu89 PIC flag -fPIC -DPIC works
configure:8672: icc.pl -std=gnu89 -c -g -O2 -fdebug-prefix-map=/dev/shm/RPM4/rpm/deps/libarchive/libext2fs-dev/fuse/fuse-2.9.9=. -Wformat -march=native -pipe -Wformat-security -Wdate-time -D_FORTIFY_SOURCE=2 -fPIC -DPIC -DPIC conftest.c >&5
configure:8676: $? = 0
configure:8689: result: yes
configure:8718: checking if icc.pl -std=gnu89 static flag -static works
ipo: remark #11001: performing single-file optimizations
ipo: remark #11006: generating object file /tmp/intel/ipo_iccix4XiD.o
x86_64-linux-gnu-ld: /lib/x86_64-linux-gnu/libz.so.1: no version information available (required by /usr/lib/x86_64-linux-gnu/libbfd-2.31.1-system.so)
x86_64-linux-gnu-ld: /opt/intel/compilers_and_libraries_2019.1.144/linux/compiler/lib/intel64_lin/libiomp5.a(ompt-general.o): in function `ompt_pre_init':
(.text+0x2450): warning: Using 'dlopen' in statically linked applications requires at runtime the shared libraries from the glibc version used for linking
configure:8746: result: no
configure:8761: checking if icc.pl -std=gnu89 supports -c -o file.o
configure:8782: icc.pl -std=gnu89 -c -g -O2 -fdebug-prefix-map=/dev/shm/RPM4/rpm/deps/libarchive/libext2fs-dev/fuse/fuse-2.9.9=. -Wformat -march=native -pipe -Wformat-security -Wdate-time -D_FORTIFY_SOURCE=2 -o out/conftest2.o conftest.c >&5
configure:8786: $? = 0
configure:8808: result: yes
configure:8816: checking if icc.pl -std=gnu89 supports -c -o file.o
configure:8863: result: yes
configure:8896: checking whether the icc.pl -std=gnu89 linker (/usr/bin/ld -m elf_x86_64) supports shared libraries
configure:10159: result: yes
configure:10196: checking whether -lc should be explicitly linked in
configure:10204: icc.pl -std=gnu89 -c -g -O2 -fdebug-prefix-map=/dev/shm/RPM4/rpm/deps/libarchive/libext2fs-dev/fuse/fuse-2.9.9=. -Wformat -march=native -pipe -Wformat-security -Wdate-time -D_FORTIFY_SOURCE=2 conftest.c >&5
configure:10207: $? = 0
configure:10222: icc.pl -std=gnu89 -shared  -fPIC -DPIC conftest.o  -v -Wl,-soname -Wl,conftest -o conftest 2\>\&1 \| /bin/grep  -lc  \>/dev/null 2\>\&1
configure:10225: $? = 0
configure:10239: result: no
configure:10399: checking dynamic linker characteristics
configure:10980: icc.pl -std=gnu89 -o conftest -g -O2 -fdebug-prefix-map=/dev/shm/RPM4/rpm/deps/libarchive/libext2fs-dev/fuse/fuse-2.9.9=. -Wformat -march=native -pipe -Wformat-security -Wdate-time -D_FORTIFY_SOURCE=2 -Wl,-z,now -Wl,-rpath -Wl,/foo conftest.c  >&5
ipo: remark #11001: performing single-file optimizations
ipo: remark #11006: generating object file /tmp/intel/ipo_iccIPIxl0.o
x86_64-linux-gnu-ld: /lib/x86_64-linux-gnu/libz.so.1: no version information available (required by /usr/lib/x86_64-linux-gnu/libbfd-2.31.1-system.so)
configure:10980: $? = 0
configure:11229: result: GNU/Linux ld.so
configure:11351: checking how to hardcode library paths into programs
configure:11376: result: immediate
configure:11924: checking whether stripping libraries is possible
configure:11929: result: yes
configure:11964: checking if libtool supports shared libraries
configure:11966: result: yes
configure:11969: checking whether to build shared libraries
configure:11994: result: yes
configure:11997: checking whether to build static libraries
configure:12001: result: yes
configure:12086: checking for gcc
configure:12113: result: icc.pl
configure:12342: checking for C compiler version
configure:12351: icc.pl --version >&5
icc (ICC) 19.0.1.144 20181018
Copyright (C) 1985-2018 Intel Corporation.  All rights reserved.

configure:12362: $? = 0
configure:12351: icc.pl -v >&5
__INTEL_PRE_CFLAGS options:  
-diag-enableall
-diag-disable=10013,10385,10237,10346
-diag-error-limit=1
-diag-onceall

__INTEL_POST_CFLAGS options:  
-Wl,--relax,--gc-sections,-O,2
-pipe
-D__POPCNT__
... rest of stderr output deleted ...
configure:12362: $? = 1
configure:12351: icc.pl -V >&5
GNU ld (GNU Binutils for Debian) 2.31.1
Intel(R) C Intel(R) 64 Compiler for applications running on Intel(R) 64, Version 19.0.1.144 Build 20181018
Copyright (C) 1985-2018 Intel Corporation.  All rights reserved.

x86_64-linux-gnu-ld: /lib/x86_64-linux-gnu/libz.so.1: no version information available (required by /usr/lib/x86_64-linux-gnu/libbfd-2.31.1-system.so)
x86_64-linux-gnu-ld: /usr/lib/gcc/x86_64-linux-gnu/8/../../../x86_64-linux-gnu/Scrt1.o: in function `_start':
(.text+0x20): undefined reference to `main'
configure:12362: $? = 1
configure:12351: icc.pl -qversion >&5
x86_64-linux-gnu-ld: /lib/x86_64-linux-gnu/libz.so.1: no version information available (required by /usr/lib/x86_64-linux-gnu/libbfd-2.31.1-system.so)
x86_64-linux-gnu-ld: /usr/lib/gcc/x86_64-linux-gnu/8/../../../x86_64-linux-gnu/Scrt1.o: in function `_start':
(.text+0x20): undefined reference to `main'
configure:12362: $? = 1
configure:12366: checking whether we are using the GNU C compiler
configure:12394: result: yes
configure:12403: checking whether icc.pl accepts -g
configure:12464: result: yes
configure:12481: checking for icc.pl option to accept ISO C89
configure:12564: result: -std=gnu89
configure:12582: checking whether icc.pl -std=gnu89 understands -c and -o together
configure:12619: result: yes
configure:12638: checking dependency style of icc.pl -std=gnu89
configure:12749: result: none
configure:12829: checking for fork
configure:12829: icc.pl -std=gnu89 -o conftest -g -O2 -fdebug-prefix-map=/dev/shm/RPM4/rpm/deps/libarchive/libext2fs-dev/fuse/fuse-2.9.9=. -Wformat -march=native -pipe -Wformat-security -Wdate-time -D_FORTIFY_SOURCE=2 -Wl,-z,now conftest.c  >&5
conftest.c(46): remark #1419: external declaration in primary source file
  char fork ();
       ^

conftest.c(59): remark #111: statement is unreachable
    return 0;
    ^

ipo: remark #11001: performing single-file optimizations
ipo: remark #11006: generating object file /tmp/intel/ipo_iccl7eEOB.o
x86_64-linux-gnu-ld: /lib/x86_64-linux-gnu/libz.so.1: no version information available (required by /usr/lib/x86_64-linux-gnu/libbfd-2.31.1-system.so)
configure:12829: $? = 0
configure:12829: result: yes
configure:12829: checking for setxattr
configure:12829: icc.pl -std=gnu89 -o conftest -g -O2 -fdebug-prefix-map=/dev/shm/RPM4/rpm/deps/libarchive/libext2fs-dev/fuse/fuse-2.9.9=. -Wformat -march=native -pipe -Wformat-security -Wdate-time -D_FORTIFY_SOURCE=2 -Wl,-z,now conftest.c  >&5
conftest.c(47): remark #1419: external declaration in primary source file
  char setxattr ();
       ^

conftest.c(60): remark #111: statement is unreachable
    return 0;
    ^

ipo: remark #11001: performing single-file optimizations
ipo: remark #11006: generating object file /tmp/intel/ipo_icc5XqByl.o
x86_64-linux-gnu-ld: /lib/x86_64-linux-gnu/libz.so.1: no version information available (required by /usr/lib/x86_64-linux-gnu/libbfd-2.31.1-system.so)
configure:12829: $? = 0
configure:12829: result: yes
configure:12829: checking for fdatasync
configure:12829: icc.pl -std=gnu89 -o conftest -g -O2 -fdebug-prefix-map=/dev/shm/RPM4/rpm/deps/libarchive/libext2fs-dev/fuse/fuse-2.9.9=. -Wformat -march=native -pipe -Wformat-security -Wdate-time -D_FORTIFY_SOURCE=2 -Wl,-z,now conftest.c  >&5
conftest.c(48): remark #1419: external declaration in primary source file
  char fdatasync ();
       ^

conftest.c(61): remark #111: statement is unreachable
    return 0;
    ^

ipo: remark #11001: performing single-file optimizations
ipo: remark #11006: generating object file /tmp/intel/ipo_icc9G5NG1.o
x86_64-linux-gnu-ld: /lib/x86_64-linux-gnu/libz.so.1: no version information available (required by /usr/lib/x86_64-linux-gnu/libbfd-2.31.1-system.so)
configure:12829: $? = 0
configure:12829: result: yes
configure:12829: checking for splice
configure:12829: icc.pl -std=gnu89 -o conftest -g -O2 -fdebug-prefix-map=/dev/shm/RPM4/rpm/deps/libarchive/libext2fs-dev/fuse/fuse-2.9.9=. -Wformat -march=native -pipe -Wformat-security -Wdate-time -D_FORTIFY_SOURCE=2 -Wl,-z,now conftest.c  >&5
conftest.c(49): remark #1419: external declaration in primary source file
  char splice ();
       ^

conftest.c(62): remark #111: statement is unreachable
    return 0;
    ^

ipo: remark #11001: performing single-file optimizations
ipo: remark #11006: generating object file /tmp/intel/ipo_icc2YcFcE.o
x86_64-linux-gnu-ld: /lib/x86_64-linux-gnu/libz.so.1: no version information available (required by /usr/lib/x86_64-linux-gnu/libbfd-2.31.1-system.so)
configure:12829: $? = 0
configure:12829: result: yes
configure:12829: checking for vmsplice
configure:12829: icc.pl -std=gnu89 -o conftest -g -O2 -fdebug-prefix-map=/dev/shm/RPM4/rpm/deps/libarchive/libext2fs-dev/fuse/fuse-2.9.9=. -Wformat -march=native -pipe -Wformat-security -Wdate-time -D_FORTIFY_SOURCE=2 -Wl,-z,now conftest.c  >&5
conftest.c(50): remark #1419: external declaration in primary source file
  char vmsplice ();
       ^

conftest.c(63): remark #111: statement is unreachable
    return 0;
    ^

ipo: remark #11001: performing single-file optimizations
ipo: remark #11006: generating object file /tmp/intel/ipo_iccgV1IAm.o
x86_64-linux-gnu-ld: /lib/x86_64-linux-gnu/libz.so.1: no version information available (required by /usr/lib/x86_64-linux-gnu/libbfd-2.31.1-system.so)
configure:12829: $? = 0
configure:12829: result: yes
configure:12829: checking for utimensat
configure:12829: icc.pl -std=gnu89 -o conftest -g -O2 -fdebug-prefix-map=/dev/shm/RPM4/rpm/deps/libarchive/libext2fs-dev/fuse/fuse-2.9.9=. -Wformat -march=native -pipe -Wformat-security -Wdate-time -D_FORTIFY_SOURCE=2 -Wl,-z,now conftest.c  >&5
conftest.c(51): remark #1419: external declaration in primary source file
  char utimensat ();
       ^

conftest.c(64): remark #111: statement is unreachable
    return 0;
    ^

ipo: remark #11001: performing single-file optimizations
ipo: remark #11006: generating object file /tmp/intel/ipo_iccMVTGe6.o
x86_64-linux-gnu-ld: /lib/x86_64-linux-gnu/libz.so.1: no version information available (required by /usr/lib/x86_64-linux-gnu/libbfd-2.31.1-system.so)
configure:12829: $? = 0
configure:12829: result: yes
configure:12840: checking for posix_fallocate
configure:12840: icc.pl -std=gnu89 -o conftest -g -O2 -fdebug-prefix-map=/dev/shm/RPM4/rpm/deps/libarchive/libext2fs-dev/fuse/fuse-2.9.9=. -Wformat -march=native -pipe -Wformat-security -Wdate-time -D_FORTIFY_SOURCE=2 -Wl,-z,now conftest.c  >&5
conftest.c(52): remark #1419: external declaration in primary source file
  char posix_fallocate ();
       ^

conftest.c(65): remark #111: statement is unreachable
    return 0;
    ^

ipo: remark #11001: performing single-file optimizations
ipo: remark #11006: generating object file /tmp/intel/ipo_iccxOTnvF.o
x86_64-linux-gnu-ld: /lib/x86_64-linux-gnu/libz.so.1: no version information available (required by /usr/lib/x86_64-linux-gnu/libbfd-2.31.1-system.so)
configure:12840: $? = 0
configure:12840: result: yes
configure:12849: checking for struct stat.st_atim
configure:12849: icc.pl -std=gnu89 -c -g -O2 -fdebug-prefix-map=/dev/shm/RPM4/rpm/deps/libarchive/libext2fs-dev/fuse/fuse-2.9.9=. -Wformat -march=native -pipe -Wformat-security -Wdate-time -D_FORTIFY_SOURCE=2 conftest.c >&5
conftest.c(67): error: expression must have arithmetic or pointer type
  if (ac_aggr.st_atim)
      ^

compilation aborted for conftest.c (code 4)
configure:12849: $? = 4
configure: failed program was:
| /* confdefs.h */
| #define PACKAGE_NAME "fuse"
| #define PACKAGE_TARNAME "fuse"
| #define PACKAGE_VERSION "2.9.9"
| #define PACKAGE_STRING "fuse 2.9.9"
| #define PACKAGE_BUGREPORT ""
| #define PACKAGE_URL ""
| #define PACKAGE "fuse"
| #define VERSION "2.9.9"
| #define STDC_HEADERS 1
| #define HAVE_SYS_TYPES_H 1
| #define HAVE_SYS_STAT_H 1
| #define HAVE_STDLIB_H 1
| #define HAVE_STRING_H 1
| #define HAVE_MEMORY_H 1
| #define HAVE_STRINGS_H 1
| #define HAVE_INTTYPES_H 1
| #define HAVE_STDINT_H 1
| #define HAVE_UNISTD_H 1
| #define HAVE_DLFCN_H 1
| #define LT_OBJDIR ".libs/"
| #define HAVE_FORK 1
| #define HAVE_SETXATTR 1
| #define HAVE_FDATASYNC 1
| #define HAVE_SPLICE 1
| #define HAVE_VMSPLICE 1
| #define HAVE_UTIMENSAT 1
| #define HAVE_POSIX_FALLOCATE 1
| /* end confdefs.h.  */
| #include <stdio.h>
| #ifdef HAVE_SYS_TYPES_H
| # include <sys/types.h>
| #endif
| #ifdef HAVE_SYS_STAT_H
| # include <sys/stat.h>
| #endif
| #ifdef STDC_HEADERS
| # include <stdlib.h>
| # include <stddef.h>
| #else
| # ifdef HAVE_STDLIB_H
| #  include <stdlib.h>
| # endif
| #endif
| #ifdef HAVE_STRING_H
| # if !defined STDC_HEADERS && defined HAVE_MEMORY_H
| #  include <memory.h>
| # endif
| # include <string.h>
| #endif
| #ifdef HAVE_STRINGS_H
| # include <strings.h>
| #endif
| #ifdef HAVE_INTTYPES_H
| # include <inttypes.h>
| #endif
| #ifdef HAVE_STDINT_H
| # include <stdint.h>
| #endif
| #ifdef HAVE_UNISTD_H
| # include <unistd.h>
| #endif
| int
| main ()
| {
| static struct stat ac_aggr;
| if (ac_aggr.st_atim)
| return 0;
|   ;
|   return 0;
| }
configure:12849: icc.pl -std=gnu89 -c -g -O2 -fdebug-prefix-map=/dev/shm/RPM4/rpm/deps/libarchive/libext2fs-dev/fuse/fuse-2.9.9=. -Wformat -march=native -pipe -Wformat-security -Wdate-time -D_FORTIFY_SOURCE=2 conftest.c >&5
conftest.c(70): remark #111: statement is unreachable
    return 0;
    ^

conftest.c(66): remark #593: variable "ac_aggr" was set but never used
  static struct stat ac_aggr;
                     ^

configure:12849: $? = 0
configure:12849: result: yes
configure:12859: checking for struct stat.st_atimespec
configure:12859: icc.pl -std=gnu89 -c -g -O2 -fdebug-prefix-map=/dev/shm/RPM4/rpm/deps/libarchive/libext2fs-dev/fuse/fuse-2.9.9=. -Wformat -march=native -pipe -Wformat-security -Wdate-time -D_FORTIFY_SOURCE=2 conftest.c >&5
conftest.c(68): error: struct "stat" has no field "st_atimespec"
  if (ac_aggr.st_atimespec)
              ^

compilation aborted for conftest.c (code 4)
configure:12859: $? = 4
configure: failed program was:
| /* confdefs.h */
| #define PACKAGE_NAME "fuse"
| #define PACKAGE_TARNAME "fuse"
| #define PACKAGE_VERSION "2.9.9"
| #define PACKAGE_STRING "fuse 2.9.9"
| #define PACKAGE_BUGREPORT ""
| #define PACKAGE_URL ""
| #define PACKAGE "fuse"
| #define VERSION "2.9.9"
| #define STDC_HEADERS 1
| #define HAVE_SYS_TYPES_H 1
| #define HAVE_SYS_STAT_H 1
| #define HAVE_STDLIB_H 1
| #define HAVE_STRING_H 1
| #define HAVE_MEMORY_H 1
| #define HAVE_STRINGS_H 1
| #define HAVE_INTTYPES_H 1
| #define HAVE_STDINT_H 1
| #define HAVE_UNISTD_H 1
| #define HAVE_DLFCN_H 1
| #define LT_OBJDIR ".libs/"
| #define HAVE_FORK 1
| #define HAVE_SETXATTR 1
| #define HAVE_FDATASYNC 1
| #define HAVE_SPLICE 1
| #define HAVE_VMSPLICE 1
| #define HAVE_UTIMENSAT 1
| #define HAVE_POSIX_FALLOCATE 1
| #define HAVE_STRUCT_STAT_ST_ATIM 1
| /* end confdefs.h.  */
| #include <stdio.h>
| #ifdef HAVE_SYS_TYPES_H
| # include <sys/types.h>
| #endif
| #ifdef HAVE_SYS_STAT_H
| # include <sys/stat.h>
| #endif
| #ifdef STDC_HEADERS
| # include <stdlib.h>
| # include <stddef.h>
| #else
| # ifdef HAVE_STDLIB_H
| #  include <stdlib.h>
| # endif
| #endif
| #ifdef HAVE_STRING_H
| # if !defined STDC_HEADERS && defined HAVE_MEMORY_H
| #  include <memory.h>
| # endif
| # include <string.h>
| #endif
| #ifdef HAVE_STRINGS_H
| # include <strings.h>
| #endif
| #ifdef HAVE_INTTYPES_H
| # include <inttypes.h>
| #endif
| #ifdef HAVE_STDINT_H
| # include <stdint.h>
| #endif
| #ifdef HAVE_UNISTD_H
| # include <unistd.h>
| #endif
| int
| main ()
| {
| static struct stat ac_aggr;
| if (ac_aggr.st_atimespec)
| return 0;
|   ;
|   return 0;
| }
configure:12859: icc.pl -std=gnu89 -c -g -O2 -fdebug-prefix-map=/dev/shm/RPM4/rpm/deps/libarchive/libext2fs-dev/fuse/fuse-2.9.9=. -Wformat -march=native -pipe -Wformat-security -Wdate-time -D_FORTIFY_SOURCE=2 conftest.c >&5
conftest.c(68): error: struct "stat" has no field "st_atimespec"
  if (sizeof ac_aggr.st_atimespec)
                     ^

compilation aborted for conftest.c (code 4)
configure:12859: $? = 4
configure: failed program was:
| /* confdefs.h */
| #define PACKAGE_NAME "fuse"
| #define PACKAGE_TARNAME "fuse"
| #define PACKAGE_VERSION "2.9.9"
| #define PACKAGE_STRING "fuse 2.9.9"
| #define PACKAGE_BUGREPORT ""
| #define PACKAGE_URL ""
| #define PACKAGE "fuse"
| #define VERSION "2.9.9"
| #define STDC_HEADERS 1
| #define HAVE_SYS_TYPES_H 1
| #define HAVE_SYS_STAT_H 1
| #define HAVE_STDLIB_H 1
| #define HAVE_STRING_H 1
| #define HAVE_MEMORY_H 1
| #define HAVE_STRINGS_H 1
| #define HAVE_INTTYPES_H 1
| #define HAVE_STDINT_H 1
| #define HAVE_UNISTD_H 1
| #define HAVE_DLFCN_H 1
| #define LT_OBJDIR ".libs/"
| #define HAVE_FORK 1
| #define HAVE_SETXATTR 1
| #define HAVE_FDATASYNC 1
| #define HAVE_SPLICE 1
| #define HAVE_VMSPLICE 1
| #define HAVE_UTIMENSAT 1
| #define HAVE_POSIX_FALLOCATE 1
| #define HAVE_STRUCT_STAT_ST_ATIM 1
| /* end confdefs.h.  */
| #include <stdio.h>
| #ifdef HAVE_SYS_TYPES_H
| # include <sys/types.h>
| #endif
| #ifdef HAVE_SYS_STAT_H
| # include <sys/stat.h>
| #endif
| #ifdef STDC_HEADERS
| # include <stdlib.h>
| # include <stddef.h>
| #else
| # ifdef HAVE_STDLIB_H
| #  include <stdlib.h>
| # endif
| #endif
| #ifdef HAVE_STRING_H
| # if !defined STDC_HEADERS && defined HAVE_MEMORY_H
| #  include <memory.h>
| # endif
| # include <string.h>
| #endif
| #ifdef HAVE_STRINGS_H
| # include <strings.h>
| #endif
| #ifdef HAVE_INTTYPES_H
| # include <inttypes.h>
| #endif
| #ifdef HAVE_STDINT_H
| # include <stdint.h>
| #endif
| #ifdef HAVE_UNISTD_H
| # include <unistd.h>
| #endif
| int
| main ()
| {
| static struct stat ac_aggr;
| if (sizeof ac_aggr.st_atimespec)
| return 0;
|   ;
|   return 0;
| }
configure:12859: result: no
configure:12871: checking for library containing dlopen
configure:12902: icc.pl -std=gnu89 -o conftest -g -O2 -fdebug-prefix-map=/dev/shm/RPM4/rpm/deps/libarchive/libext2fs-dev/fuse/fuse-2.9.9=. -Wformat -march=native -pipe -Wformat-security -Wdate-time -D_FORTIFY_SOURCE=2 -Wl,-z,now conftest.c  >&5
conftest.c(38): remark #1419: external declaration in primary source file
  char dlopen ();
       ^

conftest.c(44): remark #111: statement is unreachable
    return 0;
    ^

ipo: remark #11001: performing single-file optimizations
ipo: remark #11006: generating object file /tmp/intel/ipo_iccncyIxp.o
x86_64-linux-gnu-ld: /lib/x86_64-linux-gnu/libz.so.1: no version information available (required by /usr/lib/x86_64-linux-gnu/libbfd-2.31.1-system.so)
configure:12902: $? = 0
configure:12919: result: none required
configure:12927: checking for library containing clock_gettime
configure:12958: icc.pl -std=gnu89 -o conftest -g -O2 -fdebug-prefix-map=/dev/shm/RPM4/rpm/deps/libarchive/libext2fs-dev/fuse/fuse-2.9.9=. -Wformat -march=native -pipe -Wformat-security -Wdate-time -D_FORTIFY_SOURCE=2 -Wl,-z,now conftest.c  >&5
conftest.c(38): remark #1419: external declaration in primary source file
  char clock_gettime ();
       ^

conftest.c(44): remark #111: statement is unreachable
    return 0;
    ^

ipo: remark #11001: performing single-file optimizations
ipo: remark #11006: generating object file /tmp/intel/ipo_iccSZjW00.o
x86_64-linux-gnu-ld: /lib/x86_64-linux-gnu/libz.so.1: no version information available (required by /usr/lib/x86_64-linux-gnu/libbfd-2.31.1-system.so)
configure:12958: $? = 0
configure:12975: result: none required
configure:13037: checking for ld used by icc.pl -std=gnu89
configure:13104: result: /usr/bin/ld -m elf_x86_64
configure:13111: checking if the linker (/usr/bin/ld -m elf_x86_64) is GNU ld
configure:13126: result: yes
configure:13133: checking for shared library run path origin
configure:13146: result: done
configure:13724: checking for iconv
configure:13748: icc.pl -std=gnu89 -o conftest -g -O2 -fdebug-prefix-map=/dev/shm/RPM4/rpm/deps/libarchive/libext2fs-dev/fuse/fuse-2.9.9=. -Wformat -march=native -pipe -Wformat-security -Wdate-time -D_FORTIFY_SOURCE=2 -Wl,-z,now conftest.c  >&5
ipo: remark #11001: performing single-file optimizations
ipo: remark #11006: generating object file /tmp/intel/ipo_iccrH4zf1.o
x86_64-linux-gnu-ld: /lib/x86_64-linux-gnu/libz.so.1: no version information available (required by /usr/lib/x86_64-linux-gnu/libbfd-2.31.1-system.so)
configure:13748: $? = 0
configure:13782: result: yes
configure:13785: checking for working iconv
configure:13914: icc.pl -std=gnu89 -o conftest -g -O2 -fdebug-prefix-map=/dev/shm/RPM4/rpm/deps/libarchive/libext2fs-dev/fuse/fuse-2.9.9=. -Wformat -march=native -pipe -Wformat-security -Wdate-time -D_FORTIFY_SOURCE=2 -Wl,-z,now conftest.c  >&5
conftest.c(137): remark #111: statement is unreachable
    return 0;
    ^

ipo: remark #11001: performing single-file optimizations
ipo: remark #11006: generating object file /tmp/intel/ipo_iccd4c6HL.o
x86_64-linux-gnu-ld: /lib/x86_64-linux-gnu/libz.so.1: no version information available (required by /usr/lib/x86_64-linux-gnu/libbfd-2.31.1-system.so)
configure:13914: $? = 0
configure:13914: ./conftest
configure:13914: $? = 0
configure:13926: result: yes
configure:13954: checking for iconv declaration
configure:13983: icc.pl -std=gnu89 -c -g -O2 -fdebug-prefix-map=/dev/shm/RPM4/rpm/deps/libarchive/libext2fs-dev/fuse/fuse-2.9.9=. -Wformat -march=native -pipe -Wformat-security -Wdate-time -D_FORTIFY_SOURCE=2 conftest.c >&5
conftest.c(40): remark #1419: external declaration in primary source file
  size_t iconv (iconv_t cd, char * *inbuf, size_t *inbytesleft, char * *outbuf, size_t *outbytesleft);
         ^

configure:13983: $? = 0
configure:13994: result:
         extern size_t iconv (iconv_t cd, char * *inbuf, size_t *inbytesleft, char * *outbuf, size_t *outbytesleft);
configure:14018: MOUNT_FUSE_PATH env var not set, using default /sbin
configure:14024: UDEV_RULES_PATH env var not set, using default /etc/udev/rules.d
configure:14030: INIT_D_PATH env var not set, using default /etc/init.d
configure:14064: checking if umount supports --fake --no-canonicalize
configure:14074: result: yes
configure:14195: checking that generated files are newer than configure
configure:14201: result: done
configure:14244: creating ./config.status

## ---------------------- ##
## Running config.status. ##
## ---------------------- ##

This file was extended by fuse config.status 2.9.9, which was
generated by GNU Autoconf 2.69.  Invocation command line was

  CONFIG_FILES    = 
  CONFIG_HEADERS  = 
  CONFIG_LINKS    = 
  CONFIG_COMMANDS = 
  $ ./config.status 

on server

config.status:1120: creating fuse.pc
config.status:1120: creating Makefile
config.status:1120: creating lib/Makefile
config.status:1120: creating util/Makefile
config.status:1120: creating example/Makefile
config.status:1120: creating include/Makefile
config.status:1120: creating doc/Makefile
config.status:1120: creating include/config.h
config.status:1349: executing depfiles commands
config.status:1349: executing libtool commands
configure:16389: WARNING: unrecognized options: --disable-maintainer-mode

## ---------------- ##
## Cache variables. ##
## ---------------- ##

ac_cv_build=x86_64-pc-linux-gnu
ac_cv_c_bigendian=no
ac_cv_c_compiler_clang=no
ac_cv_c_compiler_gnu=yes
ac_cv_env_CC_set=set
ac_cv_env_CC_value=icc.pl
ac_cv_env_CFLAGS_set=set
ac_cv_env_CFLAGS_value='-g -O2 -fdebug-prefix-map=/dev/shm/RPM4/rpm/deps/libarchive/libext2fs-dev/fuse/fuse-2.9.9=. -Wformat -march=native -pipe -Wformat-security'
ac_cv_env_CPPFLAGS_set=set
ac_cv_env_CPPFLAGS_value='-Wdate-time -D_FORTIFY_SOURCE=2'
ac_cv_env_CPP_set=set
ac_cv_env_CPP_value='icc.pl -E'
ac_cv_env_LDFLAGS_set=set
ac_cv_env_LDFLAGS_value=-Wl,-z,now
ac_cv_env_LIBS_set=
ac_cv_env_LIBS_value=
ac_cv_env_LT_SYS_LIBRARY_PATH_set=
ac_cv_env_LT_SYS_LIBRARY_PATH_value=
ac_cv_env_build_alias_set=set
ac_cv_env_build_alias_value=x86_64-linux-gnu
ac_cv_env_host_alias_set=
ac_cv_env_host_alias_value=
ac_cv_env_target_alias_set=
ac_cv_env_target_alias_value=
ac_cv_func_asprintf=yes
ac_cv_func_fdatasync=yes
ac_cv_func_fork=yes
ac_cv_func_gethostname=yes
ac_cv_func_getopt_long=yes
ac_cv_func_getpwuid=yes
ac_cv_func_gettimeofday=yes
ac_cv_func_mkstemp=yes
ac_cv_func_posix_fallocate=yes
ac_cv_func_realpath=yes
ac_cv_func_setenv=yes
ac_cv_func_setxattr=yes
ac_cv_func_snprintf=yes
ac_cv_func_splice=yes
ac_cv_func_strndup=yes
ac_cv_func_strtok_r=yes
ac_cv_func_unsetenv=yes
ac_cv_func_utimensat=yes
ac_cv_func_utimes=yes
ac_cv_func_vasprintf=yes
ac_cv_func_vmsplice=yes
ac_cv_func_vsnprintf=yes
ac_cv_header_ctype_h=yes
ac_cv_header_dirent_dirent_h=yes
ac_cv_header_dlfcn_h=yes
ac_cv_header_inttypes_h=yes
ac_cv_header_memory_h=yes
ac_cv_header_pwd_h=yes
ac_cv_header_stdarg_h=yes
ac_cv_header_stdc=yes
ac_cv_header_stdint_h=yes
ac_cv_header_stdlib_h=yes
ac_cv_header_string_h=yes
ac_cv_header_strings_h=yes
ac_cv_header_sys_mman_h=yes
ac_cv_header_sys_stat_h=yes
ac_cv_header_sys_time_h=yes
ac_cv_header_sys_types_h=yes
ac_cv_header_sys_wait_h=yes
ac_cv_header_termios_h=yes
ac_cv_header_time=yes
ac_cv_header_unistd_h=yes
ac_cv_header_varargs_h=no
ac_cv_host=x86_64-pc-linux-gnu
ac_cv_member_struct_stat_st_atim=yes
ac_cv_member_struct_stat_st_atimespec=no
ac_cv_objext=o
ac_cv_path_EGREP='/bin/grep -E'
ac_cv_path_FGREP='/bin/grep -F'
ac_cv_path_GREP=/bin/grep
ac_cv_path_SED=/bin/sed
ac_cv_path_ac_pt_BASH=/bin/bash
ac_cv_path_install=/usr/bin/install
ac_cv_path_lt_DD=/bin/dd
ac_cv_prog_AWK=/usr/bin/gawk
ac_cv_prog_CPP='icc.pl -E'
ac_cv_prog_ac_ct_AR=xiar.pl
ac_cv_prog_ac_ct_CC=icc.pl
ac_cv_prog_ac_ct_MANIFEST_TOOL=mt
ac_cv_prog_ac_ct_OBJDUMP=/usr/bin/x86_64-linux-gnu-objdump
ac_cv_prog_ac_ct_RANLIB=ranlib
ac_cv_prog_ac_ct_STRIP=/usr/bin/x86_64-linux-gnu-strip
ac_cv_prog_cc_c89=-std=gnu89
ac_cv_prog_cc_c99=-std=gnu99
ac_cv_prog_cc_g=yes
ac_cv_prog_make_make_set=yes
ac_cv_search_clock_gettime='none required'
ac_cv_search_cos='none required'
ac_cv_search_dlopen='none required'
ac_cv_search_opendir='none required'
ac_cv_target=x86_64-pc-linux-gnu
ac_cv_type_long_long=yes
ac_cv_type_unsigned_long_long_int=yes
acl_cv_hardcode_direct=no
acl_cv_hardcode_libdir_flag_spec='${wl}-rpath ${wl}$libdir'
acl_cv_hardcode_libdir_separator=
acl_cv_hardcode_minus_L=no
acl_cv_libext=a
acl_cv_libname_spec='lib$name'
acl_cv_library_names_spec='$libname$shrext'
acl_cv_path_LD='/usr/bin/ld -m elf_x86_64'
acl_cv_prog_gnu_ld=yes
acl_cv_rpath=done
acl_cv_shlibext=so
acl_cv_wl=-Wl,
am_cv_CC_dependencies_compiler_type=none
am_cv_func_iconv=yes
am_cv_func_iconv_works=yes
am_cv_lib_iconv=no
am_cv_make_support_nested_variables=yes
am_cv_prog_cc_c_o=yes
am_cv_proto_iconv='extern size_t iconv (iconv_t cd, char * *inbuf, size_t *inbytesleft, char * *outbuf, size_t *outbytesleft);'
am_cv_proto_iconv_arg1=
ax_cv_c_float_words_bigendian=no
hw_cv_func_asprintf=yes
hw_cv_func_snprintf=yes
hw_cv_func_snprintf_c99=yes
hw_cv_func_vasprintf=yes
hw_cv_func_vsnprintf=yes
hw_cv_func_vsnprintf_c99=yes
lt_cv_ar_at_file=@
lt_cv_archive_cmds_need_lc=no
lt_cv_deplibs_check_method=pass_all
lt_cv_file_magic_cmd='$MAGIC_CMD'
lt_cv_file_magic_test_file=
lt_cv_ld_reload_flag=-r
lt_cv_nm_interface='BSD nm'
lt_cv_objdir=.libs
lt_cv_path_LD=/usr/bin/ld
lt_cv_path_NM='/usr/bin/x86_64-linux-gnu-nm -B'
lt_cv_path_mainfest_tool=no
lt_cv_prog_compiler_c_o=yes
lt_cv_prog_compiler_pic='-fPIC -DPIC'
lt_cv_prog_compiler_pic_works=yes
lt_cv_prog_compiler_rtti_exceptions=yes
lt_cv_prog_compiler_static_works=no
lt_cv_prog_gnu_ld=yes
lt_cv_sharedlib_from_linklib_cmd='printf %s\n'
lt_cv_shlibpath_overrides_runpath=yes
lt_cv_sys_global_symbol_pipe='sed -n -e '\''s/^.*[	 ]\([ABCDGIRSTW][ABCDGIRSTW]*\)[	 ][	 ]*\([_A-Za-z][_A-Za-z0-9]*\)$/\1 \2 \2/p'\'' | sed '\''/ __gnu_lto/d'\'''
lt_cv_sys_global_symbol_to_c_name_address='sed -n -e '\''s/^: \(.*\) .*$/  {"\1", (void *) 0},/p'\'' -e '\''s/^[ABCDGIRSTW][ABCDGIRSTW]* .* \(.*\)$/  {"\1", (void *) \&\1},/p'\'''
lt_cv_sys_global_symbol_to_c_name_address_lib_prefix='sed -n -e '\''s/^: \(.*\) .*$/  {"\1", (void *) 0},/p'\'' -e '\''s/^[ABCDGIRSTW][ABCDGIRSTW]* .* \(lib.*\)$/  {"\1", (void *) \&\1},/p'\'' -e '\''s/^[ABCDGIRSTW][ABCDGIRSTW]* .* \(.*\)$/  {"lib\1", (void *) \&\1},/p'\'''
lt_cv_sys_global_symbol_to_cdecl='sed -n -e '\''s/^T .* \(.*\)$/extern int \1();/p'\'' -e '\''s/^[ABCDGIRSTW][ABCDGIRSTW]* .* \(.*\)$/extern char \1;/p'\'''
lt_cv_sys_global_symbol_to_import=
lt_cv_sys_max_cmd_len=1572864
lt_cv_to_host_file_cmd=func_convert_file_noop
lt_cv_to_tool_file_cmd=func_convert_file_noop
lt_cv_truncate_bin='/bin/dd bs=4096 count=1'

## ----------------- ##
## Output variables. ##
## ----------------- ##

ACLOCAL='${SHELL} /dev/shm/RPM4/rpm/deps/libarchive/libext2fs-dev/fuse/fuse-2.9.9/missing aclocal-1.16'
AMDEPBACKSLASH=''
AMDEP_FALSE=''
AMDEP_TRUE='#'
AMTAR='$${TAR-tar}'
AM_BACKSLASH='\'
AM_DEFAULT_V='$(AM_DEFAULT_VERBOSITY)'
AM_DEFAULT_VERBOSITY='1'
AM_V='$(V)'
AR='xiar.pl'
AUTOCONF='${SHELL} /dev/shm/RPM4/rpm/deps/libarchive/libext2fs-dev/fuse/fuse-2.9.9/missing autoconf'
AUTOHEADER='${SHELL} /dev/shm/RPM4/rpm/deps/libarchive/libext2fs-dev/fuse/fuse-2.9.9/missing autoheader'
AUTOMAKE='${SHELL} /dev/shm/RPM4/rpm/deps/libarchive/libext2fs-dev/fuse/fuse-2.9.9/missing automake-1.16'
AWK='/usr/bin/gawk'
BSD_FALSE=''
BSD_TRUE='#'
CC='icc.pl -std=gnu89'
CCDEPMODE='depmode=none'
CFLAGS='-g -O2 -fdebug-prefix-map=/dev/shm/RPM4/rpm/deps/libarchive/libext2fs-dev/fuse/fuse-2.9.9=. -Wformat -march=native -pipe -Wformat-security'
CPP='icc.pl -E'
CPPFLAGS='-Wdate-time -D_FORTIFY_SOURCE=2'
CYGPATH_W='echo'
DEFS='-DHAVE_CONFIG_H'
DEPDIR='.deps'
DLLTOOL='false'
DSYMUTIL=''
DUMPBIN=''
ECHO_C=''
ECHO_N='-n'
ECHO_T='	'
EGREP='/bin/grep -E'
EXEEXT=''
FGREP='/bin/grep -F'
GREP='/bin/grep'
ICONV_FALSE='#'
ICONV_TRUE=''
INIT_D_PATH='/etc/init.d'
INSTALL_DATA='${INSTALL} -m 644'
INSTALL_PROGRAM='${INSTALL}'
INSTALL_SCRIPT='${INSTALL}'
INSTALL_STRIP_PROGRAM='$(install_sh) -c -s'
LD='/usr/bin/ld -m elf_x86_64'
LDFLAGS='-Wl,-z,now'
LIBICONV=''
LIBOBJS=''
LIBS=''
LIBTOOL='$(SHELL) $(top_builddir)/libtool'
LINUX_FALSE='#'
LINUX_TRUE=''
LIPO=''
LN_S='ln -s'
LTLIBICONV=''
LTLIBOBJS=''
LT_SYS_LIBRARY_PATH=''
MAKEINFO='${SHELL} /dev/shm/RPM4/rpm/deps/libarchive/libext2fs-dev/fuse/fuse-2.9.9/missing makeinfo'
MANIFEST_TOOL=':'
MKDIR_P='/bin/mkdir -p'
MOUNT_FUSE_PATH='/sbin'
NETBSD_FALSE=''
NETBSD_TRUE='#'
NM='/usr/bin/x86_64-linux-gnu-nm -B'
NMEDIT=''
OBJDUMP='/usr/bin/x86_64-linux-gnu-objdump'
OBJEXT='o'
OTOOL64=''
OTOOL=''
PACKAGE='fuse'
PACKAGE_BUGREPORT=''
PACKAGE_NAME='fuse'
PACKAGE_STRING='fuse 2.9.9'
PACKAGE_TARNAME='fuse'
PACKAGE_URL=''
PACKAGE_VERSION='2.9.9'
PATH_SEPARATOR=':'
RANLIB='ranlib'
SED='/bin/sed'
SET_MAKE=''
SHELL='/bin/bash'
STRIP='/usr/bin/x86_64-linux-gnu-strip'
UDEV_RULES_PATH='/etc/udev/rules.d'
VERSION='2.9.9'
ac_ct_AR='xiar.pl'
ac_ct_CC='icc.pl'
ac_ct_DUMPBIN=''
am__EXEEXT_FALSE=''
am__EXEEXT_TRUE='#'
am__fastdepCC_FALSE=''
am__fastdepCC_TRUE='#'
am__include='include'
am__isrc=''
am__leading_dot='.'
am__nodep=''
am__quote=''
am__tar='$${TAR-tar} chof - "$$tardir"'
am__untar='$${TAR-tar} xf -'
bindir='/bin'
build='x86_64-pc-linux-gnu'
build_alias='x86_64-linux-gnu'
build_cpu='x86_64'
build_os='linux-gnu'
build_vendor='pc'
datadir='${datarootdir}'
datarootdir='${prefix}/share'
docdir='${datarootdir}/doc/${PACKAGE}'
dvidir='${docdir}'
exec_prefix='/usr'
host='x86_64-pc-linux-gnu'
host_alias=''
host_cpu='x86_64'
host_os='linux-gnu'
host_vendor='pc'
htmldir='${docdir}'
includedir='${prefix}/include'
infodir='${datarootdir}/info'
install_sh='${SHELL} /dev/shm/RPM4/rpm/deps/libarchive/libext2fs-dev/fuse/fuse-2.9.9/install-sh'
libdir='/usr/lib/x86_64-linux-gnu'
libexecdir='${prefix}/lib/x86_64-linux-gnu'
libfuse_libs=' '
localedir='${datarootdir}/locale'
localstatedir='/var'
mandir='${datarootdir}/man'
mkdir_p='$(MKDIR_P)'
oldincludedir='/usr/include'
pdfdir='${docdir}'
pkgconfigdir='${libdir}/pkgconfig'
prefix='/usr'
program_transform_name='s,x,x,'
psdir='${docdir}'
runstatedir='${localstatedir}/run'
sbindir='${exec_prefix}/sbin'
sharedstatedir='/var'
subdirs2='include lib util example'
sysconfdir='/etc'
target='x86_64-pc-linux-gnu'
target_alias=''
target_cpu='x86_64'
target_os='linux-gnu'
target_vendor='pc'

## ----------- ##
## confdefs.h. ##
## ----------- ##

/* confdefs.h */
#define PACKAGE_NAME "fuse"
#define PACKAGE_TARNAME "fuse"
#define PACKAGE_VERSION "2.9.9"
#define PACKAGE_STRING "fuse 2.9.9"
#define PACKAGE_BUGREPORT ""
#define PACKAGE_URL ""
#define PACKAGE "fuse"
#define VERSION "2.9.9"
#define STDC_HEADERS 1
#define HAVE_SYS_TYPES_H 1
#define HAVE_SYS_STAT_H 1
#define HAVE_STDLIB_H 1
#define HAVE_STRING_H 1
#define HAVE_MEMORY_H 1
#define HAVE_STRINGS_H 1
#define HAVE_INTTYPES_H 1
#define HAVE_STDINT_H 1
#define HAVE_UNISTD_H 1
#define HAVE_DLFCN_H 1
#define LT_OBJDIR ".libs/"
#define HAVE_FORK 1
#define HAVE_SETXATTR 1
#define HAVE_FDATASYNC 1
#define HAVE_SPLICE 1
#define HAVE_VMSPLICE 1
#define HAVE_UTIMENSAT 1
#define HAVE_POSIX_FALLOCATE 1
#define HAVE_STRUCT_STAT_ST_ATIM 1
#define HAVE_ICONV 1
#define ICONV_CONST 

configure: exit 0
